[Harness][Info][Select] select expr='--id S1.4-injected-playback' -> 1 scenarios: ['S1.4-injected-playback']
[Harness][Info][Admit] admit instance=stock-minimal manifest=present result=OK
[Harness][Info][Lock] run-lock acquired instance=C:\Users\vlad3\Documents\Code\Parsek\automation\stock-minimal pid=27588
[Harness][Info][Preflight] zombie-check instance=stock-minimal result=CLEAR
[Harness][Info][Stage] stage save=gloops-airshow template=fixtures/saves/gloops-airshow inject=all-synthetic craft=0 results-rotated=True
[Harness][Info][Launch] launch exe=C:\Users\vlad3\Documents\Code\Parsek\automation\stock-minimal\KSP_x64.exe pid=39192 env=[TEST_COMMANDS=1 AUTORUN=unset EXIT=0] budget=720s
[Harness][Info][Drive] drive step=0 id=0001 cmd=LoadGame expect=OK
[Harness][Verbose][Drive] poll: pendingId=0001 elapsed=10/660
[Harness][Verbose][Drive] poll: pendingId=0001 elapsed=20/660
[Harness][Verbose][Drive] poll: pendingId=0001 elapsed=30/660
[Harness][Verbose][Drive] poll: pendingId=0001 elapsed=40/660
[Harness][Verbose][Drive] poll: pendingId=0001 elapsed=50/660
[Harness][Verbose][Drive] poll: pendingId=0001 elapsed=60/660
[Harness][Verbose][Drive] poll: pendingId=0001 elapsed=70/660
[Harness][Verbose][Drive] poll: pendingId=0001 elapsed=80/660
[Harness][Verbose][Drive] poll: pendingId=0001 elapsed=90/660
[Harness][Verbose][Drive] poll: pendingId=0001 elapsed=100/660
[Harness][Verbose][Drive] poll: pendingId=0001 elapsed=110/660
[Harness][Verbose][Drive] poll: pendingId=0001 elapsed=120/660
[Harness][Verbose][Drive] poll: pendingId=0001 elapsed=130/660
[Harness][Verbose][Drive] poll: pendingId=0001 elapsed=140/660
[Harness][Verbose][Drive] poll: pendingId=0001 elapsed=150/660
[Harness][Verbose][Drive] poll: pendingId=0001 elapsed=160/660
[Harness][Verbose][Drive] poll: pendingId=0001 elapsed=170/660
[Harness][Verbose][Drive] poll: pendingId=0001 elapsed=180/660
[Harness][Verbose][Drive] poll: pendingId=0001 elapsed=190/660
[Harness][Verbose][Drive] poll: pendingId=0001 elapsed=200/660
[Harness][Verbose][Drive] poll: pendingId=0001 elapsed=210/660
[Harness][Verbose][Drive] poll: pendingId=0001 elapsed=220/660
[Harness][Verbose][Drive] poll: pendingId=0001 elapsed=230/660
[Harness][Verbose][Drive] poll: pendingId=0001 elapsed=240/660
[Harness][Verbose][Drive] poll: pendingId=0001 elapsed=250/660
[Harness][Verbose][Drive] poll: pendingId=0001 elapsed=260/660
[Harness][Verbose][Drive] poll: pendingId=0001 elapsed=270/660
[Harness][Verbose][Drive] poll: pendingId=0001 elapsed=280/660
[Harness][Verbose][Drive] poll: pendingId=0001 elapsed=290/660
[Harness][Verbose][Drive] poll: pendingId=0001 elapsed=300/660
[Harness][Verbose][Drive] poll: pendingId=0001 elapsed=310/660
[Harness][Verbose][Drive] poll: pendingId=0001 elapsed=320/660
[Harness][Verbose][Drive] poll: pendingId=0001 elapsed=330/660
[Harness][Verbose][Drive] poll: pendingId=0001 elapsed=340/660
[Harness][Verbose][Drive] poll: pendingId=0001 elapsed=350/660
[Harness][Verbose][Drive] poll: pendingId=0001 elapsed=360/660
[Harness][Verbose][Drive] poll: pendingId=0001 elapsed=370/660
[Harness][Verbose][Drive] poll: pendingId=0001 elapsed=381/660
[Harness][Info][Drive] drive resp id=0001 verdict=TIMEOUT met=False
[Harness][Info][Drive] drive step=1 id=0002 cmd=SetSetting expect=OK
[Harness][Verbose][Drive] poll: pendingId=0002 elapsed=10/60
[Harness][Verbose][Drive] poll: pendingId=0002 elapsed=20/60
[Harness][Verbose][Drive] poll: pendingId=0002 elapsed=30/60
[Harness][Warn][Drive] batch-crashed: KSP exited (exit=4294967295) with step id=0002 pending -> PARSEK-FAIL
[Harness][Info][Verify] verify driverValidity status=FAIL allMet=False subkind=seam-timeout
[Harness][Info][Verify] verify batchComplete status=FAIL found=False failed=None
[Harness][Info][Verify] verify analyzer status=PASS red=0 subkind= topRule=None (triage-only)
[Harness][Info][Classify] verdict=PARSEK-FAIL scenario=S1.4-injected-playback attempt=1 reason=post-boot self-exit aborted the batch
[Harness][Info][Collect] collect-logs label=S1.4-injected-playback -> Collecting logs into: 2026-07-12_1650_S1.4-injected-playback/
[Harness][Info][Result] result written C:\Users\vlad3\Documents\Code\Parsek\Parsek-autotest-provlive\harness\results\2026-07-12_1350_S1.4-injected-playback.json
[Harness][Info][Coverage] coverage: values=238 covered=12 uncovered=226 expectedFail=0 xpass=0
