[Harness][Info][Select] select expr='--id S1.4-injected-playback' -> 1 scenarios: ['S1.4-injected-playback']
[Harness][Info][Admit] admit instance=stock-minimal manifest=present result=OK
[Harness][Info][Lock] run-lock acquired instance=C:\Users\vlad3\Documents\Code\Parsek\automation\stock-minimal pid=34860
[Harness][Info][Preflight] zombie-check instance=stock-minimal result=CLEAR
[Harness][Info][Stage] stage save=gloops-airshow template=fixtures/saves/gloops-airshow inject=all-synthetic craft=0 results-rotated=True
[Harness][Info][Launch] launch exe=C:\Users\vlad3\Documents\Code\Parsek\automation\stock-minimal\KSP_x64.exe pid=11232 env=[TEST_COMMANDS=1 AUTORUN=unset EXIT=0] budget=720s
[Harness][Info][Drive] drive step=0 id=0001 cmd=LoadGame expect=OK
[Harness][Verbose][Drive] poll: pendingId=0001 elapsed=10/660
[Harness][Verbose][Drive] poll: pendingId=0001 elapsed=20/660
[Harness][Verbose][Drive] poll: pendingId=0001 elapsed=30/660
[Harness][Verbose][Drive] poll: pendingId=0001 elapsed=40/660
[Harness][Info][Drive] drive resp id=0001 verdict=OK met=True
[Harness][Info][Drive] drive step=1 id=0002 cmd=SetSetting expect=OK
[Harness][Info][Drive] drive resp id=0002 verdict=OK met=True
[Harness][Info][Drive] drive step=2 id=0003 cmd=RunTests expect=OK
[Harness][Verbose][Drive] poll: pendingId=0003 elapsed=10/660
[Harness][Verbose][Drive] poll: pendingId=0003 elapsed=20/660
[Harness][Verbose][Drive] poll: pendingId=0003 elapsed=30/660
[Harness][Verbose][Drive] poll: pendingId=0003 elapsed=40/660
[Harness][Info][Drive] drive resp id=0003 verdict=OK met=True
[Harness][Info][Drive] drive step=3 id=0004 cmd=FlushAndQuit expect=OK
[Harness][Info][Drive] drive resp id=0004 verdict=OK met=True
[Harness][Info][Verify] verify driverValidity status=PASS allMet=True subkind=-
[Harness][Info][Verify] verify batchComplete status=PASS found=True failed=0
[Harness][Info][Verify] verify analyzer status=PASS red=0 subkind= topRule=None
[Harness][Info][Verify] verify logValidate status=FAIL recRulesSuppressed=False killedRunMode=False
[Harness][Info][Classify] verdict=PARSEK-FAIL scenario=S1.4-injected-playback attempt=1 reason=log validation failed
[Harness][Info][Collect] collect-logs label=S1.4-injected-playback -> Collecting logs into: 2026-07-12_1943_S1.4-injected-playback/
[Harness][Info][Result] result written C:\Users\vlad3\Documents\Code\Parsek\Parsek-autotest-provlive\harness\results\2026-07-12_1643_S1.4-injected-playback.json
[Harness][Warn][Coverage] flake quarantine scenario=S1.4-injected-playback stage=run rate=0.67 over 7d
[Harness][Info][Coverage] coverage: values=238 covered=12 uncovered=226 expectedFail=0 xpass=0
